<?xml version="1.0" encoding="UTF-8"?>
<!-- Generated by org.testng.reporters.JUnitXMLReporter -->
<testsuite ignored="2" hostname="Dell-Inspiron-3505" failures="0" tests="1" name="Default test" time="31.673" errors="0" timestamp="2022-09-12T19:34:25 IST">
  <testcase classname="tdd.approach.RightClickDoubleClick" name="doubleClickSelect" time="11.186"/>
  <testcase classname="tdd.approach.RightClickDoubleClick" name="singleClick" time="0.0">
    <ignored/>
  </testcase> <!-- singleClick -->
  <testcase classname="tdd.approach.RightClickDoubleClick" name="doubleClick" time="0.0">
    <ignored/>
  </testcase> <!-- doubleClick -->
</testsuite> <!-- Default test -->
