<?xml version="1.0" encoding="UTF-8"?>
<testng-results ignored="2" total="3" passed="1" failed="0" skipped="0">
  <reporter-output>
  </reporter-output>
  <suite started-at="2022-09-12T19:33:53 IST" name="Default suite" finished-at="2022-09-12T19:34:25 IST" duration-ms="31673">
    <groups>
    </groups>
    <test started-at="2022-09-12T19:33:53 IST" name="Default test" finished-at="2022-09-12T19:34:25 IST" duration-ms="31673">
      <class name="tdd.approach.RightClickDoubleClick">
        <test-method is-config="true" signature="setup()[pri:0, instance:tdd.approach.RightClickDoubleClick@4eb386df]" started-at="2022-09-12T19:33:54 IST" name="setup" finished-at="2022-09-12T19:34:12 IST" duration-ms="18765" status="PASS">
          <reporter-output>
          </reporter-output>
        </test-method> <!-- setup -->
        <test-method signature="doubleClickSelect()[pri:1, instance:tdd.approach.RightClickDoubleClick@4eb386df]" started-at="2022-09-12T19:34:13 IST" name="doubleClickSelect" finished-at="2022-09-12T19:34:24 IST" duration-ms="11186" status="PASS">
          <reporter-output>
          </reporter-output>
        </test-method> <!-- doubleClickSelect -->
        <test-method is-config="true" signature="quitBrowser()[pri:0, instance:tdd.approach.RightClickDoubleClick@4eb386df]" started-at="2022-09-12T19:34:24 IST" name="quitBrowser" finished-at="2022-09-12T19:34:25 IST" duration-ms="1075" status="PASS">
          <reporter-output>
          </reporter-output>
        </test-method> <!-- quitBrowser -->
      </class> <!-- tdd.approach.RightClickDoubleClick -->
    </test> <!-- Default test -->
  </suite> <!-- Default suite -->
</testng-results>
